[ 2025-12-21 22:36:14,953 ] 26 root - INFO - Running data ingestion component
[ 2025-12-21 22:36:14,964 ] 29 root - INFO - Original dataset size: 4746
[ 2025-12-21 22:36:14,967 ] 41 root - INFO - After 5-95 percentile filter (Rent 9000 - 40000): 2936 rows
[ 2025-12-21 22:36:14,969 ] 50 root - INFO - Read dataset successfully
[ 2025-12-21 22:36:14,977 ] 54 root - INFO - Raw data saved
[ 2025-12-21 22:36:14,988 ] 60 root - INFO - Data Ingestion completed
[ 2025-12-21 22:36:14,996 ] 173 root - INFO - Data Read successfully
[ 2025-12-21 22:36:15,005 ] 179 root - INFO - Obtaining preprocessing object
[ 2025-12-21 22:36:15,010 ] 191 root - INFO - Creating new Features
[ 2025-12-21 22:36:15,010 ] 57 root - INFO - Adding new features
[ 2025-12-21 22:36:15,014 ] 69 root - INFO - New features added
[ 2025-12-21 22:36:15,015 ] 57 root - INFO - Adding new features
[ 2025-12-21 22:36:15,017 ] 69 root - INFO - New features added
[ 2025-12-21 22:36:15,017 ] 195 root - INFO - Applying preprocessing object on training and test set
[ 2025-12-21 22:36:15,040 ] 199 root - INFO - Saving preprocessing object
[ 2025-12-21 22:36:15,077 ] 204 root - INFO - OneHot groups: {'City': {'start': 5, 'size': 6}, 'Furnishing Status': {'start': 11, 'size': 3}, 'Tenant Preferred': {'start': 14, 'size': 3}, 'day of week posted': {'start': 17, 'size': 7}, 'quarter posted': {'start': 24, 'size': 2}}
[ 2025-12-21 22:36:15,077 ] 251 root - INFO - Combining: ['City', 'quarter posted', 'Tenant Preferred'], sizes=[6, 2, 3], indices=[5, 6, 7, 8, 9, 10, 24, 25, 14, 15, 16], keep_originals=False
[ 2025-12-21 22:36:15,079 ] 280 root - INFO - After combining ['City', 'quarter posted', 'Tenant Preferred']: shape=(2348, 51), remaining groups: ['Furnishing Status', 'day of week posted'], keep_originals=False
[ 2025-12-21 22:36:15,080 ] 293 root - INFO - Dropped first column of each group ['Furnishing Status', 'day of week posted', 'City x quarter posted x Tenant Preferred'] to avoid dummy variable trap. New shape: (2348, 48)
[ 2025-12-21 22:36:15,080 ] 336 root - INFO - Generated 48 feature names
[ 2025-12-21 22:36:15,143 ] 364 root - INFO - Saved preprocessing objects. Combiners count: 1
[ 2025-12-21 22:36:15,145 ] 26 root - INFO - Splitting train and test array
[ 2025-12-21 22:36:15,174 ] 49 root - INFO - Model trained successfully
