[ 2025-12-21 21:20:50,339 ] 26 root - INFO - Running data ingestion component
[ 2025-12-21 21:20:50,352 ] 29 root - INFO - Original dataset size: 4746
[ 2025-12-21 21:20:50,357 ] 41 root - INFO - After 5-95 percentile filter (Rent 9000 - 40000): 2936 rows
[ 2025-12-21 21:20:50,358 ] 50 root - INFO - Read dataset successfully
[ 2025-12-21 21:20:50,370 ] 54 root - INFO - Raw data saved
[ 2025-12-21 21:20:50,381 ] 60 root - INFO - Data Ingestion completed
[ 2025-12-21 21:20:50,390 ] 174 root - INFO - Data Read successfully
[ 2025-12-21 21:20:50,404 ] 180 root - INFO - Obtaining preprocessing object
[ 2025-12-21 21:20:50,405 ] 192 root - INFO - Creating new Features
[ 2025-12-21 21:20:50,406 ] 58 root - INFO - Adding new features
[ 2025-12-21 21:20:50,410 ] 70 root - INFO - New features added
[ 2025-12-21 21:20:50,410 ] 58 root - INFO - Adding new features
[ 2025-12-21 21:20:50,412 ] 70 root - INFO - New features added
[ 2025-12-21 21:20:50,414 ] 196 root - INFO - Applying preprocessing object on training and test set
[ 2025-12-21 21:20:50,434 ] 200 root - INFO - Saving preprocessing object
[ 2025-12-21 21:20:50,478 ] 205 root - INFO - OneHot groups: {'City': {'start': 4, 'size': 6}, 'Furnishing Status': {'start': 10, 'size': 3}, 'Tenant Preferred': {'start': 13, 'size': 3}, 'day of week posted': {'start': 16, 'size': 7}, 'quarter posted': {'start': 23, 'size': 2}}
[ 2025-12-21 21:20:50,478 ] 294 root - INFO - Dropped first column of each group ['City', 'Furnishing Status', 'Tenant Preferred', 'day of week posted', 'quarter posted'] to avoid dummy variable trap. New shape: (2348, 20)
[ 2025-12-21 21:20:50,480 ] 337 root - INFO - Generated 20 feature names
[ 2025-12-21 21:20:50,511 ] 434 root - INFO - Saved preprocessing objects. Combiners count: 0
[ 2025-12-21 21:20:50,511 ] 26 root - INFO - Splitting train and test array
[ 2025-12-21 21:20:50,526 ] 49 root - INFO - Model trained successfully
