[ 2025-12-21 22:04:42,262 ] 26 root - INFO - Running data ingestion component
[ 2025-12-21 22:04:42,275 ] 29 root - INFO - Original dataset size: 4746
[ 2025-12-21 22:04:42,279 ] 41 root - INFO - After 5-95 percentile filter (Rent 9000 - 40000): 2936 rows
[ 2025-12-21 22:04:42,280 ] 50 root - INFO - Read dataset successfully
[ 2025-12-21 22:04:42,290 ] 54 root - INFO - Raw data saved
[ 2025-12-21 22:04:42,301 ] 60 root - INFO - Data Ingestion completed
[ 2025-12-21 22:04:42,308 ] 174 root - INFO - Data Read successfully
[ 2025-12-21 22:04:42,319 ] 180 root - INFO - Obtaining preprocessing object
[ 2025-12-21 22:04:42,320 ] 192 root - INFO - Creating new Features
[ 2025-12-21 22:04:42,321 ] 58 root - INFO - Adding new features
[ 2025-12-21 22:04:42,325 ] 70 root - INFO - New features added
[ 2025-12-21 22:04:42,325 ] 58 root - INFO - Adding new features
[ 2025-12-21 22:04:42,327 ] 70 root - INFO - New features added
[ 2025-12-21 22:04:42,327 ] 196 root - INFO - Applying preprocessing object on training and test set
[ 2025-12-21 22:04:42,349 ] 200 root - INFO - Saving preprocessing object
[ 2025-12-21 22:04:42,396 ] 205 root - INFO - OneHot groups: {'City': {'start': 4, 'size': 6}, 'Furnishing Status': {'start': 10, 'size': 3}, 'Tenant Preferred': {'start': 13, 'size': 3}, 'day of week posted': {'start': 16, 'size': 7}, 'quarter posted': {'start': 23, 'size': 2}}
[ 2025-12-21 22:04:42,397 ] 294 root - INFO - Dropped first column of each group ['City', 'Furnishing Status', 'Tenant Preferred', 'day of week posted', 'quarter posted'] to avoid dummy variable trap. New shape: (2348, 20)
[ 2025-12-21 22:04:42,397 ] 337 root - INFO - Generated 20 feature names
[ 2025-12-21 22:04:42,433 ] 434 root - INFO - Saved preprocessing objects. Combiners count: 0
[ 2025-12-21 22:04:42,433 ] 26 root - INFO - Splitting train and test array
[ 2025-12-21 22:04:42,453 ] 49 root - INFO - Model trained successfully
