[ 2025-12-21 22:41:31,031 ] 26 root - INFO - Running data ingestion component
[ 2025-12-21 22:41:31,042 ] 29 root - INFO - Original dataset size: 4746
[ 2025-12-21 22:41:31,046 ] 41 root - INFO - After 5-95 percentile filter (Rent 9000 - 40000): 2936 rows
[ 2025-12-21 22:41:31,048 ] 50 root - INFO - Read dataset successfully
[ 2025-12-21 22:41:31,056 ] 54 root - INFO - Raw data saved
[ 2025-12-21 22:41:31,070 ] 60 root - INFO - Data Ingestion completed
[ 2025-12-21 22:41:31,078 ] 173 root - INFO - Data Read successfully
[ 2025-12-21 22:41:31,090 ] 179 root - INFO - Obtaining preprocessing object
[ 2025-12-21 22:41:31,093 ] 191 root - INFO - Creating new Features
[ 2025-12-21 22:41:31,095 ] 57 root - INFO - Adding new features
[ 2025-12-21 22:41:31,099 ] 69 root - INFO - New features added
[ 2025-12-21 22:41:31,099 ] 57 root - INFO - Adding new features
[ 2025-12-21 22:41:31,103 ] 69 root - INFO - New features added
[ 2025-12-21 22:41:31,105 ] 195 root - INFO - Applying preprocessing object on training and test set
[ 2025-12-21 22:41:31,131 ] 199 root - INFO - Saving preprocessing object
[ 2025-12-21 22:41:31,174 ] 204 root - INFO - OneHot groups: {'City': {'start': 5, 'size': 6}, 'Furnishing Status': {'start': 11, 'size': 3}, 'Tenant Preferred': {'start': 14, 'size': 3}, 'day of week posted': {'start': 17, 'size': 7}, 'quarter posted': {'start': 24, 'size': 2}}
[ 2025-12-21 22:41:31,175 ] 293 root - INFO - Dropped first column of each group ['City', 'Furnishing Status', 'Tenant Preferred', 'day of week posted', 'quarter posted'] to avoid dummy variable trap. New shape: (2348, 21)
[ 2025-12-21 22:41:31,175 ] 336 root - INFO - Generated 21 feature names
[ 2025-12-21 22:41:31,208 ] 364 root - INFO - Saved preprocessing objects. Combiners count: 0
[ 2025-12-21 22:41:31,209 ] 26 root - INFO - Splitting train and test array
[ 2025-12-21 22:41:31,226 ] 49 root - INFO - Model trained successfully
