[ 2025-12-21 22:04:04,266 ] 26 root - INFO - Running data ingestion component
[ 2025-12-21 22:04:04,278 ] 29 root - INFO - Original dataset size: 4746
[ 2025-12-21 22:04:04,281 ] 41 root - INFO - After 5-95 percentile filter (Rent 9000 - 40000): 2936 rows
[ 2025-12-21 22:04:04,283 ] 50 root - INFO - Read dataset successfully
[ 2025-12-21 22:04:04,292 ] 54 root - INFO - Raw data saved
[ 2025-12-21 22:04:04,302 ] 60 root - INFO - Data Ingestion completed
[ 2025-12-21 22:04:04,310 ] 174 root - INFO - Data Read successfully
[ 2025-12-21 22:04:04,320 ] 180 root - INFO - Obtaining preprocessing object
[ 2025-12-21 22:04:04,324 ] 192 root - INFO - Creating new Features
[ 2025-12-21 22:04:04,324 ] 58 root - INFO - Adding new features
[ 2025-12-21 22:04:04,328 ] 70 root - INFO - New features added
[ 2025-12-21 22:04:04,328 ] 58 root - INFO - Adding new features
[ 2025-12-21 22:04:04,331 ] 70 root - INFO - New features added
[ 2025-12-21 22:04:04,332 ] 196 root - INFO - Applying preprocessing object on training and test set
[ 2025-12-21 22:04:04,354 ] 200 root - INFO - Saving preprocessing object
[ 2025-12-21 22:04:04,398 ] 205 root - INFO - OneHot groups: {'City': {'start': 4, 'size': 6}, 'Furnishing Status': {'start': 10, 'size': 3}, 'Tenant Preferred': {'start': 13, 'size': 3}, 'day of week posted': {'start': 16, 'size': 7}, 'quarter posted': {'start': 23, 'size': 2}}
[ 2025-12-21 22:04:04,398 ] 294 root - INFO - Dropped first column of each group ['City', 'Furnishing Status', 'Tenant Preferred', 'day of week posted', 'quarter posted'] to avoid dummy variable trap. New shape: (2348, 20)
[ 2025-12-21 22:04:04,399 ] 337 root - INFO - Generated 20 feature names
[ 2025-12-21 22:04:04,431 ] 434 root - INFO - Saved preprocessing objects. Combiners count: 0
[ 2025-12-21 22:04:04,432 ] 26 root - INFO - Splitting train and test array
[ 2025-12-21 22:04:04,446 ] 49 root - INFO - Model trained successfully
