[ 2025-12-21 22:16:03,340 ] 26 root - INFO - Running data ingestion component
[ 2025-12-21 22:16:03,358 ] 29 root - INFO - Original dataset size: 4746
[ 2025-12-21 22:16:03,364 ] 41 root - INFO - After 5-95 percentile filter (Rent 9000 - 40000): 2936 rows
[ 2025-12-21 22:16:03,368 ] 50 root - INFO - Read dataset successfully
[ 2025-12-21 22:16:03,383 ] 54 root - INFO - Raw data saved
[ 2025-12-21 22:16:03,401 ] 60 root - INFO - Data Ingestion completed
[ 2025-12-21 22:16:03,413 ] 174 root - INFO - Data Read successfully
[ 2025-12-21 22:16:03,425 ] 180 root - INFO - Obtaining preprocessing object
[ 2025-12-21 22:16:03,432 ] 192 root - INFO - Creating new Features
[ 2025-12-21 22:16:03,432 ] 58 root - INFO - Adding new features
[ 2025-12-21 22:16:03,438 ] 70 root - INFO - New features added
[ 2025-12-21 22:16:03,438 ] 58 root - INFO - Adding new features
[ 2025-12-21 22:16:03,443 ] 70 root - INFO - New features added
[ 2025-12-21 22:16:03,443 ] 196 root - INFO - Applying preprocessing object on training and test set
[ 2025-12-21 22:16:03,470 ] 200 root - INFO - Saving preprocessing object
[ 2025-12-21 22:16:03,521 ] 205 root - INFO - OneHot groups: {'City': {'start': 5, 'size': 6}, 'Furnishing Status': {'start': 11, 'size': 3}, 'Tenant Preferred': {'start': 14, 'size': 3}, 'day of week posted': {'start': 17, 'size': 7}, 'quarter posted': {'start': 24, 'size': 2}}
[ 2025-12-21 22:16:03,521 ] 294 root - INFO - Dropped first column of each group ['City', 'Furnishing Status', 'Tenant Preferred', 'day of week posted', 'quarter posted'] to avoid dummy variable trap. New shape: (2348, 21)
[ 2025-12-21 22:16:03,521 ] 337 root - INFO - Generated 21 feature names
[ 2025-12-21 22:16:03,557 ] 434 root - INFO - Saved preprocessing objects. Combiners count: 0
[ 2025-12-21 22:16:03,557 ] 26 root - INFO - Splitting train and test array
[ 2025-12-21 22:16:03,573 ] 49 root - INFO - Model trained successfully
