[ 2025-12-21 21:19:07,048 ] 26 root - INFO - Running data ingestion component
[ 2025-12-21 21:19:07,059 ] 29 root - INFO - Original dataset size: 4746
[ 2025-12-21 21:19:07,063 ] 41 root - INFO - After 5-95 percentile filter (Rent 7000 - 72000): 3858 rows
[ 2025-12-21 21:19:07,064 ] 50 root - INFO - Read dataset successfully
[ 2025-12-21 21:19:07,077 ] 54 root - INFO - Raw data saved
[ 2025-12-21 21:19:07,090 ] 60 root - INFO - Data Ingestion completed
[ 2025-12-21 21:19:07,099 ] 174 root - INFO - Data Read successfully
[ 2025-12-21 21:19:07,110 ] 180 root - INFO - Obtaining preprocessing object
[ 2025-12-21 21:19:07,114 ] 192 root - INFO - Creating new Features
[ 2025-12-21 21:19:07,114 ] 58 root - INFO - Adding new features
[ 2025-12-21 21:19:07,118 ] 70 root - INFO - New features added
[ 2025-12-21 21:19:07,119 ] 58 root - INFO - Adding new features
[ 2025-12-21 21:19:07,121 ] 70 root - INFO - New features added
[ 2025-12-21 21:19:07,122 ] 196 root - INFO - Applying preprocessing object on training and test set
[ 2025-12-21 21:19:07,140 ] 200 root - INFO - Saving preprocessing object
[ 2025-12-21 21:19:07,194 ] 205 root - INFO - OneHot groups: {'City': {'start': 4, 'size': 6}, 'Furnishing Status': {'start': 10, 'size': 3}, 'Tenant Preferred': {'start': 13, 'size': 3}, 'day of week posted': {'start': 16, 'size': 7}, 'quarter posted': {'start': 23, 'size': 2}}
[ 2025-12-21 21:19:07,195 ] 294 root - INFO - Dropped first column of each group ['City', 'Furnishing Status', 'Tenant Preferred', 'day of week posted', 'quarter posted'] to avoid dummy variable trap. New shape: (3086, 20)
[ 2025-12-21 21:19:07,195 ] 337 root - INFO - Generated 20 feature names
[ 2025-12-21 21:19:07,196 ] 347 root - INFO - Creating 2 feature interactions
[ 2025-12-21 21:19:07,199 ] 396 root - INFO - Created num-cat interaction: log(Size) × City (5 columns)
[ 2025-12-21 21:19:07,203 ] 396 root - INFO - Created num-cat interaction: BHK × City (5 columns)
[ 2025-12-21 21:19:07,203 ] 405 root - INFO - After interactions: 30 features
[ 2025-12-21 21:19:07,267 ] 434 root - INFO - Saved preprocessing objects. Combiners count: 0
[ 2025-12-21 21:19:07,267 ] 26 root - INFO - Splitting train and test array
[ 2025-12-21 21:19:07,287 ] 49 root - INFO - Model trained successfully
