[ 2025-12-21 22:19:07,515 ] 26 root - INFO - Running data ingestion component
[ 2025-12-21 22:19:07,528 ] 29 root - INFO - Original dataset size: 4746
[ 2025-12-21 22:19:07,531 ] 41 root - INFO - After 5-95 percentile filter (Rent 9000 - 40000): 2936 rows
[ 2025-12-21 22:19:07,533 ] 50 root - INFO - Read dataset successfully
[ 2025-12-21 22:19:07,542 ] 54 root - INFO - Raw data saved
[ 2025-12-21 22:19:07,556 ] 60 root - INFO - Data Ingestion completed
[ 2025-12-21 22:19:07,565 ] 174 root - INFO - Data Read successfully
[ 2025-12-21 22:19:07,575 ] 180 root - INFO - Obtaining preprocessing object
[ 2025-12-21 22:19:07,580 ] 192 root - INFO - Creating new Features
[ 2025-12-21 22:19:07,580 ] 58 root - INFO - Adding new features
[ 2025-12-21 22:19:07,584 ] 70 root - INFO - New features added
[ 2025-12-21 22:19:07,585 ] 58 root - INFO - Adding new features
[ 2025-12-21 22:19:07,586 ] 70 root - INFO - New features added
[ 2025-12-21 22:19:07,588 ] 196 root - INFO - Applying preprocessing object on training and test set
[ 2025-12-21 22:19:07,613 ] 200 root - INFO - Saving preprocessing object
[ 2025-12-21 22:19:07,656 ] 205 root - INFO - OneHot groups: {'City': {'start': 5, 'size': 6}, 'Furnishing Status': {'start': 11, 'size': 3}, 'Tenant Preferred': {'start': 14, 'size': 3}, 'day of week posted': {'start': 17, 'size': 7}, 'quarter posted': {'start': 24, 'size': 2}}
[ 2025-12-21 22:19:07,656 ] 252 root - INFO - Combining: ['City', 'quarter posted'], sizes=[6, 2], indices=[5, 6, 7, 8, 9, 10, 24, 25], keep_originals=False
[ 2025-12-21 22:19:07,658 ] 281 root - INFO - After combining ['City', 'quarter posted']: shape=(2348, 30), remaining groups: ['Furnishing Status', 'Tenant Preferred', 'day of week posted'], keep_originals=False
[ 2025-12-21 22:19:07,658 ] 252 root - INFO - Combining: ['Tenant Preferred', 'Furnishing Status'], sizes=[3, 3], indices=[8, 9, 10, 5, 6, 7], keep_originals=False
[ 2025-12-21 22:19:07,660 ] 281 root - INFO - After combining ['Tenant Preferred', 'Furnishing Status']: shape=(2348, 33), remaining groups: ['day of week posted'], keep_originals=False
[ 2025-12-21 22:19:07,661 ] 294 root - INFO - Dropped first column of each group ['day of week posted', 'City x quarter posted', 'Tenant Preferred x Furnishing Status'] to avoid dummy variable trap. New shape: (2348, 30)
[ 2025-12-21 22:19:07,661 ] 337 root - INFO - Generated 30 feature names
[ 2025-12-21 22:19:07,708 ] 434 root - INFO - Saved preprocessing objects. Combiners count: 2
[ 2025-12-21 22:19:07,708 ] 26 root - INFO - Splitting train and test array
[ 2025-12-21 22:19:07,726 ] 49 root - INFO - Model trained successfully
